\BOOKMARK [0][-]{chapter.1}{\376\377\000\332\000v\000o\000d}{}% 1
\BOOKMARK [1][-]{section.1.1}{\376\377\000\332\000v\000o\000d\000\040\000d\000o\000\040\000p\000r\000o\000b\000l\000e\000m\000a\000t\000i\000k\000y}{chapter.1}% 2
\BOOKMARK [1][-]{section.1.2}{\376\377\000M\000o\000t\000i\000v\000a\000c\000e}{chapter.1}% 3
\BOOKMARK [0][-]{chapter.2}{\376\377\000P\000o\000p\000i\000s\000\040\000p\000r\000o\000b\000l\000\351\000m\000u\000,\000\040\000s\000p\000e\000c\000i\000f\000i\000k\000a\000c\000e\000\040\000c\000\355\000l\000e}{}% 4
\BOOKMARK [1][-]{section.2.1}{\376\377\000P\000o\000p\000i\000s\000\040\001\131\000e\001\141\000e\000n\000\351\000h\000o\000\040\000p\000r\000o\000b\000l\000\351\000m\000u}{chapter.2}% 5
\BOOKMARK [1][-]{section.2.2}{\376\377\000V\000y\000m\000e\000z\000e\000n\000\355\000\040\000c\000\355\000l\001\157\000\040\000a\000\040\000p\000o\001\176\000a\000d\000a\000v\000k\001\157}{chapter.2}% 6
\BOOKMARK [1][-]{section.2.3}{\376\377\000P\000o\000p\000i\000s\000\040\000s\000t\000r\000u\000k\000t\000u\000r\000y\000\040\000b\000a\000k\000a\000l\000\341\001\131\000s\000k\000\351\000\040\000p\000r\000\341\000c\000e\000\040\000v\000e\000\040\000v\000z\000t\000a\000h\000u\000\040\000k\000\040\000v\000y\000t\000y\001\015\000e\000n\000\375\000m\000\040\000c\000\355\000l\001\157\000m}{chapter.2}% 7
\BOOKMARK [1][-]{section.2.4}{\376\377\000D\000o\000s\000t\000u\000p\000n\000\351\000\040\000k\000n\000i\000h\000o\000v\000n\000y}{chapter.2}% 8
\BOOKMARK [0][-]{chapter.3}{\376\377\000A\000n\000a\000l\000\375\000z\000a\000\040\000a\000\040\000n\000\341\000v\000r\000h\000\040\001\131\000e\001\141\000e\000n\000\355}{}% 9
\BOOKMARK [1][-]{section.3.1}{\376\377\000A\000n\000a\000l\000\375\000z\000a}{chapter.3}% 10
\BOOKMARK [2][-]{subsection.3.1.1}{\376\377\000E\000x\000i\000t\000u\000j\000\355\000c\000\355\000\040\001\131\000e\001\141\000e\000n\000\355}{section.3.1}% 11
\BOOKMARK [3][-]{subsubsection.3.1.1.1}{\376\377\000O\000b\000e\000c\000n\000\351\000\040\001\131\000e\001\141\000e\000n\000\355}{subsection.3.1.1}% 12
\BOOKMARK [3][-]{subsubsection.3.1.1.2}{\376\377\000O\000r\000a\000c\000l\000e}{subsection.3.1.1}% 13
\BOOKMARK [3][-]{subsubsection.3.1.1.3}{\376\377\000p\000h\000p\000G\000A\000C\000L}{subsection.3.1.1}% 14
\BOOKMARK [1][-]{section.3.2}{\376\377\000N\000\341\000v\000r\000h\000\040\000i\000m\000p\000l\000e\000m\000e\000n\000t\000a\000c\000e}{chapter.3}% 15
\BOOKMARK [2][-]{subsection.3.2.1}{\376\377\000R\000o\000z\000h\000r\000a\000n\000\355}{section.3.2}% 16
\BOOKMARK [2][-]{subsection.3.2.2}{\376\377\000U\000k\000\341\000z\000k\000y\000\040\000p\000o\000u\001\176\000i\000t\000\355}{section.3.2}% 17
\BOOKMARK [3][-]{subsubsection.3.2.2.1}{\376\377\000P\001\131\000\355\000k\000l\000a\000d\000\040\000k\000o\000n\000t\000r\000o\000l\000y\000\040\000p\000r\000\341\000v}{subsection.3.2.2}% 18
\BOOKMARK [3][-]{subsubsection.3.2.2.2}{\376\377\000P\001\131\000\355\000k\000l\000a\000d\000\040\000n\000a\000s\000t\000a\000v\000e\000n\000\355\000\040\000p\000r\000\341\000v}{subsection.3.2.2}% 19
\BOOKMARK [2][-]{subsection.3.2.3}{\376\377\000U\000s\000e\000\040\000C\000a\000s\000e\000\040\000S\000c\000\351\000n\000\341\001\131\000e}{section.3.2}% 20
\BOOKMARK [3][-]{subsubsection.3.2.3.1}{\376\377\000O\000v\001\033\001\131\000o\000v\000\341\000n\000\355\000\040\000o\000p\000r\000\341\000v\000n\001\033\000n\000\355\000\040\000k\000\040\000o\000b\000j\000e\000k\000t\000u}{subsection.3.2.3}% 21
\BOOKMARK [3][-]{subsubsection.3.2.3.2}{\376\377\000Z\000a\000d\000\341\000v\000\341\000n\000\355\000\040\000p\000r\000a\000v\000i\000d\000l\000a\000\040\000\050\000A\000C\000E\000\051}{subsection.3.2.3}% 22
\BOOKMARK [2][-]{subsection.3.2.4}{\376\377\000U\000s\000e\000\040\000C\000a\000s\000e\000\040\000D\000i\000a\000g\000r\000a\000m}{section.3.2}% 23
\BOOKMARK [2][-]{subsection.3.2.5}{\376\377\000D\000a\000t\000a\000\040\000f\000l\000o\000w\000\040\000d\000i\000a\000g\000r\000a\000m}{section.3.2}% 24
\BOOKMARK [2][-]{subsection.3.2.6}{\376\377\000C\000l\000a\000s\000s\000\040\000d\000i\000a\000g\000r\000a\000m}{section.3.2}% 25
\BOOKMARK [2][-]{subsection.3.2.7}{\376\377\000O\000p\000r\000\341\000v\000n\001\033\000n\000\355}{section.3.2}% 26
\BOOKMARK [0][-]{chapter.4}{\376\377\000R\000e\000a\000l\000i\000z\000a\000c\000e}{}% 27
\BOOKMARK [1][-]{section.4.1}{\376\377\000G\000I\000T}{chapter.4}% 28
\BOOKMARK [1][-]{section.4.2}{\376\377\000D\000a\000t\000a\000b\000\341\000z\000e}{chapter.4}% 29
\BOOKMARK [2][-]{subsection.4.2.1}{\376\377\000S\000e\000d\000n\000a}{section.4.2}% 30
\BOOKMARK [2][-]{subsection.4.2.2}{\376\377\000e\000X\000i\000s\000t\000-\000d\000b}{section.4.2}% 31
\BOOKMARK [3][-]{subsubsection.4.2.2.1}{\376\377\000k\000o\000m\000u\000n\000i\000k\000a\000c\000e}{subsection.4.2.2}% 32
\BOOKMARK [3][-]{subsubsection.4.2.2.2}{\376\377\000e\000X\000i\000s\000t\000D\000B\000A\000P\000I}{subsection.4.2.2}% 33
\BOOKMARK [1][-]{section.4.3}{\376\377\000P\000r\000i\000o\000r\000i\000t\000a\000\040\000r\000o\000z\000h\000o\000d\000o\000v\000\341\000n\000\355}{chapter.4}% 34
\BOOKMARK [1][-]{section.4.4}{\376\377\000I\000m\000p\000l\000e\000m\000e\000n\000t\000a\000c\000e}{chapter.4}% 35
\BOOKMARK [2][-]{subsection.4.4.1}{\376\377\000U\000v\000o\000l\001\110\000o\000v\000\341\000n\000\355\000\040\000p\000a\000m\001\033\000t\000i}{section.4.4}% 36
\BOOKMARK [0][-]{chapter.5}{\376\377\000T\000e\000s\000t\000o\000v\000\341\000n\000\355}{}% 37
\BOOKMARK [0][-]{chapter.6}{\376\377\000Z\000\341\000v\001\033\000r}{}% 38
\BOOKMARK [0][-]{appendix.A}{\376\377\000T\000e\000s\000t\000o\000v\000\341\000n\000\355\000\040\000z\000a\000p\000l\000n\001\033\000n\000\355\000\040\000s\000t\000r\000\341\000n\000k\000y\000\040\000a\000\040\000o\000d\000s\000a\000z\000e\000n\000\355\000\040\000o\000d\000s\000t\000a\000v\000c\001\157}{}% 39
\BOOKMARK [0][-]{appendix.B}{\376\377\000P\000o\000k\000y\000n\000y\000\040\000a\000\040\000n\000\341\000v\000o\000d\000y\000\040\000k\000\040\000f\000o\000r\000m\000\341\000t\000o\000v\000\341\000n\000\355\000\040\000t\000e\000x\000t\000u\000\040\000p\000r\000\341\000c\000e}{}% 40
\BOOKMARK [1][-]{section.B.1}{\376\377\000V\000k\000l\000\341\000d\000\341\000n\000\355\000\040\000o\000b\000r\000\341\000z\000k\001\157}{appendix.B}% 41
\BOOKMARK [1][-]{section.B.2}{\376\377\000K\000r\000e\000s\000l\000e\000n\000\355\000\040\000o\000b\000r\000\341\000z\000k\001\157}{appendix.B}% 42
\BOOKMARK [1][-]{section.B.3}{\376\377\000T\000a\000b\000u\000l\000k\000y}{appendix.B}% 43
\BOOKMARK [1][-]{section.B.4}{\376\377\000O\000d\000k\000a\000z\000y\000\040\000v\000\040\000t\000e\000x\000t\000u}{appendix.B}% 44
\BOOKMARK [2][-]{subsection.B.4.1}{\376\377\000O\000d\000k\000a\000z\000y\000\040\000n\000a\000\040\000l\000i\000t\000e\000r\000a\000t\000u\000r\000u}{section.B.4}% 45
\BOOKMARK [2][-]{subsection.B.4.2}{\376\377\000O\000d\000k\000a\000z\000y\000\040\000n\000a\000\040\000o\000b\000r\000\341\000z\000k\000y\000,\000\040\000t\000a\000b\000u\000l\000k\000y\000\040\000a\000\040\000k\000a\000p\000i\000t\000o\000l\000y}{section.B.4}% 46
\BOOKMARK [1][-]{section.B.5}{\376\377\000R\000o\000v\000n\000i\000c\000e\000,\000\040\000c\000e\000n\000t\000r\000o\000v\000a\000n\000\341\000,\000\040\001\015\000\355\000s\000l\000o\000v\000a\000n\000\341\000\040\000m\000a\000t\000e\000m\000a\000t\000i\000k\000a}{appendix.B}% 47
\BOOKMARK [1][-]{section.B.6}{\376\377\000K\000\363\000d\000y\000\040\000p\000r\000o\000g\000r\000a\000m\000u}{appendix.B}% 48
\BOOKMARK [1][-]{section.B.7}{\376\377\000D\000a\000l\001\141\000\355\000\040\000p\000o\000z\000n\000\341\000m\000k\000y}{appendix.B}% 49
\BOOKMARK [2][-]{subsection.B.7.1}{\376\377\001\014\000e\000s\000k\000\351\000\040\000u\000v\000o\000z\000o\000v\000k\000y}{section.B.7}% 50
\BOOKMARK [0][-]{appendix.C}{\376\377\000S\000e\000z\000n\000a\000m\000\040\000p\000o\000u\001\176\000i\000t\000\375\000c\000h\000\040\000z\000k\000r\000a\000t\000e\000k}{}% 51
\BOOKMARK [0][-]{appendix.D}{\376\377\000U\000M\000L\000\040\000d\000i\000a\000g\000r\000a\000m\000y}{}% 52
\BOOKMARK [0][-]{appendix.E}{\376\377\000I\000n\000s\000t\000a\000l\000a\001\015\000n\000\355\000\040\000a\000\040\000u\001\176\000i\000v\000a\000t\000e\000l\000s\000k\000\341\000\040\000p\001\131\000\355\000r\000u\001\015\000k\000a}{}% 53
\BOOKMARK [0][-]{appendix.F}{\376\377\000O\000b\000s\000a\000h\000\040\000p\001\131\000i\000l\000o\001\176\000e\000n\000\351\000h\000o\000\040\000C\000D}{}% 54
