This is pdfTeX, Version 3.1415926-2.3-1.40.12 (MiKTeX 2.9) (preloaded format=pdflatex 2012.3.18)  7 APR 2012 20:10
entering extended mode
**D:/Ruby-ACL/Documents/bp_sirljan_2012/sirljan-thesis-2012.tex
(D:/Ruby-ACL/Documents/bp_sirljan_2012/sirljan-thesis-2012.tex
LaTeX2e <2011/06/27>
Babel <v3.8m> and hyphenation patterns for english, afrikaans, ancientgreek, ar
abic, armenian, assamese, basque, bengali, bokmal, bulgarian, catalan, coptic, 
croatian, czech, danish, dutch, esperanto, estonian, farsi, finnish, french, ga
lician, german, german-x-2009-06-19, greek, gujarati, hindi, hungarian, iceland
ic, indonesian, interlingua, irish, italian, kannada, kurmanji, lao, latin, lat
vian, lithuanian, malayalam, marathi, mongolian, mongolianlmc, monogreek, ngerm
an, ngerman-x-2009-06-19, nynorsk, oriya, panjabi, pinyin, polish, portuguese, 
romanian, russian, sanskrit, serbian, slovak, slovenian, spanish, swedish, swis
sgerman, tamil, telugu, turkish, turkmen, ukenglish, ukrainian, uppersorbian, u
senglishmax, welsh, loaded.
("C:\Program Files\MikTex\tex\latex\base\book.cls"
Document Class: book 2007/10/19 v1.4h Standard LaTeX document class
("C:\Program Files\MikTex\tex\latex\base\bk11.clo"
File: bk11.clo 2007/10/19 v1.4h Standard LaTeX file (size option)
)
\c@part=\count79
\c@chapter=\count80
\c@section=\count81
\c@subsection=\count82
\c@subsubsection=\count83
\c@paragraph=\count84
\c@subparagraph=\count85
\c@figure=\count86
\c@table=\count87
\abovecaptionskip=\skip41
\belowcaptionskip=\skip42
\bibindent=\dimen102
)
("C:\Program Files\MikTex\tex\generic\babel\babel.sty"
Package: babel 2008/07/08 v3.8m The Babel package

*************************************
* Local config file bblopts.cfg used
*
("C:\Program Files\MikTex\tex\latex\00miktex\bblopts.cfg"
File: bblopts.cfg 2006/07/31 v1.0 MiKTeX 'babel' configuration
)
("C:\Program Files\MikTex\tex\generic\babel\czech.ldf"
Language: czech 2008/07/06 v3.1a Czech support from the babel system

("C:\Program Files\MikTex\tex\generic\babel\babel.def"
File: babel.def 2008/07/08 v3.8m Babel common definitions
\babel@savecnt=\count88
\U@D=\dimen103
)
Package babel Info: Making " an active character on input line 172.
\cs@wordlen=\count89
Package babel Info: Making - an active character on input line 226.
)
("C:\Program Files\MikTex\tex\generic\babel\english.ldf"
Language: english 2005/03/30 v3.3o English support from the babel system
\l@canadian = a dialect from \language\l@american 
\l@australian = a dialect from \language\l@british 
\l@newzealand = a dialect from \language\l@british 
))
("C:\Program Files\MikTex\tex\latex\base\fontenc.sty"
Package: fontenc 2005/09/27 v1.99g Standard LaTeX package

("C:\Program Files\MikTex\tex\latex\base\t1enc.def"
File: t1enc.def 2005/09/27 v1.99g Standard LaTeX file
LaTeX Font Info:    Redeclaring font encoding T1 on input line 43.
))
("C:\Program Files\MikTex\tex\latex\base\inputenc.sty"
Package: inputenc 2008/03/30 v1.1d Input encoding file
\inpenc@prehook=\toks14
\inpenc@posthook=\toks15

("C:\Program Files\MikTex\tex\latex\base\utf8.def"
File: utf8.def 2008/04/05 v1.1m UTF-8 support for inputenc
Now handling font encoding OML ...
... no UTF-8 mapping file for font encoding OML
Now handling font encoding T1 ...
... processing UTF-8 mapping file for font encoding T1

("C:\Program Files\MikTex\tex\latex\base\t1enc.dfu"
File: t1enc.dfu 2008/04/05 v1.1m UTF-8 support for inputenc
   defining Unicode char U+00A1 (decimal 161)
   defining Unicode char U+00A3 (decimal 163)
   defining Unicode char U+00AB (decimal 171)
   defining Unicode char U+00BB (decimal 187)
   defining Unicode char U+00BF (decimal 191)
   defining Unicode char U+00C0 (decimal 192)
   defining Unicode char U+00C1 (decimal 193)
   defining Unicode char U+00C2 (decimal 194)
   defining Unicode char U+00C3 (decimal 195)
   defining Unicode char U+00C4 (decimal 196)
   defining Unicode char U+00C5 (decimal 197)
   defining Unicode char U+00C6 (decimal 198)
   defining Unicode char U+00C7 (decimal 199)
   defining Unicode char U+00C8 (decimal 200)
   defining Unicode char U+00C9 (decimal 201)
   defining Unicode char U+00CA (decimal 202)
   defining Unicode char U+00CB (decimal 203)
   defining Unicode char U+00CC (decimal 204)
   defining Unicode char U+00CD (decimal 205)
   defining Unicode char U+00CE (decimal 206)
   defining Unicode char U+00CF (decimal 207)
   defining Unicode char U+00D0 (decimal 208)
   defining Unicode char U+00D1 (decimal 209)
   defining Unicode char U+00D2 (decimal 210)
   defining Unicode char U+00D3 (decimal 211)
   defining Unicode char U+00D4 (decimal 212)
   defining Unicode char U+00D5 (decimal 213)
   defining Unicode char U+00D6 (decimal 214)
   defining Unicode char U+00D8 (decimal 216)
   defining Unicode char U+00D9 (decimal 217)
   defining Unicode char U+00DA (decimal 218)
   defining Unicode char U+00DB (decimal 219)
   defining Unicode char U+00DC (decimal 220)
   defining Unicode char U+00DD (decimal 221)
   defining Unicode char U+00DE (decimal 222)
   defining Unicode char U+00DF (decimal 223)
   defining Unicode char U+00E0 (decimal 224)
   defining Unicode char U+00E1 (decimal 225)
   defining Unicode char U+00E2 (decimal 226)
   defining Unicode char U+00E3 (decimal 227)
   defining Unicode char U+00E4 (decimal 228)
   defining Unicode char U+00E5 (decimal 229)
   defining Unicode char U+00E6 (decimal 230)
   defining Unicode char U+00E7 (decimal 231)
   defining Unicode char U+00E8 (decimal 232)
   defining Unicode char U+00E9 (decimal 233)
   defining Unicode char U+00EA (decimal 234)
   defining Unicode char U+00EB (decimal 235)
   defining Unicode char U+00EC (decimal 236)
   defining Unicode char U+00ED (decimal 237)
   defining Unicode char U+00EE (decimal 238)
   defining Unicode char U+00EF (decimal 239)
   defining Unicode char U+00F0 (decimal 240)
   defining Unicode char U+00F1 (decimal 241)
   defining Unicode char U+00F2 (decimal 242)
   defining Unicode char U+00F3 (decimal 243)
   defining Unicode char U+00F4 (decimal 244)
   defining Unicode char U+00F5 (decimal 245)
   defining Unicode char U+00F6 (decimal 246)
   defining Unicode char U+00F8 (decimal 248)
   defining Unicode char U+00F9 (decimal 249)
   defining Unicode char U+00FA (decimal 250)
   defining Unicode char U+00FB (decimal 251)
   defining Unicode char U+00FC (decimal 252)
   defining Unicode char U+00FD (decimal 253)
   defining Unicode char U+00FE (decimal 254)
   defining Unicode char U+00FF (decimal 255)
   defining Unicode char U+0102 (decimal 258)
   defining Unicode char U+0103 (decimal 259)
   defining Unicode char U+0104 (decimal 260)
   defining Unicode char U+0105 (decimal 261)
   defining Unicode char U+0106 (decimal 262)
   defining Unicode char U+0107 (decimal 263)
   defining Unicode char U+010C (decimal 268)
   defining Unicode char U+010D (decimal 269)
   defining Unicode char U+010E (decimal 270)
   defining Unicode char U+010F (decimal 271)
   defining Unicode char U+0110 (decimal 272)
   defining Unicode char U+0111 (decimal 273)
   defining Unicode char U+0118 (decimal 280)
   defining Unicode char U+0119 (decimal 281)
   defining Unicode char U+011A (decimal 282)
   defining Unicode char U+011B (decimal 283)
   defining Unicode char U+011E (decimal 286)
   defining Unicode char U+011F (decimal 287)
   defining Unicode char U+0130 (decimal 304)
   defining Unicode char U+0131 (decimal 305)
   defining Unicode char U+0132 (decimal 306)
   defining Unicode char U+0133 (decimal 307)
   defining Unicode char U+0139 (decimal 313)
   defining Unicode char U+013A (decimal 314)
   defining Unicode char U+013D (decimal 317)
   defining Unicode char U+013E (decimal 318)
   defining Unicode char U+0141 (decimal 321)
   defining Unicode char U+0142 (decimal 322)
   defining Unicode char U+0143 (decimal 323)
   defining Unicode char U+0144 (decimal 324)
   defining Unicode char U+0147 (decimal 327)
   defining Unicode char U+0148 (decimal 328)
   defining Unicode char U+014A (decimal 330)
   defining Unicode char U+014B (decimal 331)
   defining Unicode char U+0150 (decimal 336)
   defining Unicode char U+0151 (decimal 337)
   defining Unicode char U+0152 (decimal 338)
   defining Unicode char U+0153 (decimal 339)
   defining Unicode char U+0154 (decimal 340)
   defining Unicode char U+0155 (decimal 341)
   defining Unicode char U+0158 (decimal 344)
   defining Unicode char U+0159 (decimal 345)
   defining Unicode char U+015A (decimal 346)
   defining Unicode char U+015B (decimal 347)
   defining Unicode char U+015E (decimal 350)
   defining Unicode char U+015F (decimal 351)
   defining Unicode char U+0160 (decimal 352)
   defining Unicode char U+0161 (decimal 353)
   defining Unicode char U+0162 (decimal 354)
   defining Unicode char U+0163 (decimal 355)
   defining Unicode char U+0164 (decimal 356)
   defining Unicode char U+0165 (decimal 357)
   defining Unicode char U+016E (decimal 366)
   defining Unicode char U+016F (decimal 367)
   defining Unicode char U+0170 (decimal 368)
   defining Unicode char U+0171 (decimal 369)
   defining Unicode char U+0178 (decimal 376)
   defining Unicode char U+0179 (decimal 377)
   defining Unicode char U+017A (decimal 378)
   defining Unicode char U+017B (decimal 379)
   defining Unicode char U+017C (decimal 380)
   defining Unicode char U+017D (decimal 381)
   defining Unicode char U+017E (decimal 382)
   defining Unicode char U+200C (decimal 8204)
   defining Unicode char U+2013 (decimal 8211)
   defining Unicode char U+2014 (decimal 8212)
   defining Unicode char U+2018 (decimal 8216)
   defining Unicode char U+2019 (decimal 8217)
   defining Unicode char U+201A (decimal 8218)
   defining Unicode char U+201C (decimal 8220)
   defining Unicode char U+201D (decimal 8221)
   defining Unicode char U+201E (decimal 8222)
   defining Unicode char U+2030 (decimal 8240)
   defining Unicode char U+2031 (decimal 8241)
   defining Unicode char U+2039 (decimal 8249)
   defining Unicode char U+203A (decimal 8250)
   defining Unicode char U+2423 (decimal 9251)
)
Now handling font encoding OT1 ...
... processing UTF-8 mapping file for font encoding OT1

("C:\Program Files\MikTex\tex\latex\base\ot1enc.dfu"
File: ot1enc.dfu 2008/04/05 v1.1m UTF-8 support for inputenc
   defining Unicode char U+00A1 (decimal 161)
   defining Unicode char U+00A3 (decimal 163)
   defining Unicode char U+00B8 (decimal 184)
   defining Unicode char U+00BF (decimal 191)
   defining Unicode char U+00C5 (decimal 197)
   defining Unicode char U+00C6 (decimal 198)
   defining Unicode char U+00D8 (decimal 216)
   defining Unicode char U+00DF (decimal 223)
   defining Unicode char U+00E6 (decimal 230)
   defining Unicode char U+00EC (decimal 236)
   defining Unicode char U+00ED (decimal 237)
   defining Unicode char U+00EE (decimal 238)
   defining Unicode char U+00EF (decimal 239)
   defining Unicode char U+00F8 (decimal 248)
   defining Unicode char U+0131 (decimal 305)
   defining Unicode char U+0141 (decimal 321)
   defining Unicode char U+0142 (decimal 322)
   defining Unicode char U+0152 (decimal 338)
   defining Unicode char U+0153 (decimal 339)
   defining Unicode char U+2013 (decimal 8211)
   defining Unicode char U+2014 (decimal 8212)
   defining Unicode char U+2018 (decimal 8216)
   defining Unicode char U+2019 (decimal 8217)
   defining Unicode char U+201C (decimal 8220)
   defining Unicode char U+201D (decimal 8221)
)
Now handling font encoding OMS ...
... processing UTF-8 mapping file for font encoding OMS

("C:\Program Files\MikTex\tex\latex\base\omsenc.dfu"
File: omsenc.dfu 2008/04/05 v1.1m UTF-8 support for inputenc
   defining Unicode char U+00A7 (decimal 167)
   defining Unicode char U+00B6 (decimal 182)
   defining Unicode char U+00B7 (decimal 183)
   defining Unicode char U+2020 (decimal 8224)
   defining Unicode char U+2021 (decimal 8225)
   defining Unicode char U+2022 (decimal 8226)
)
Now handling font encoding OMX ...
... no UTF-8 mapping file for font encoding OMX
Now handling font encoding U ...
... no UTF-8 mapping file for font encoding U
   defining Unicode char U+00A9 (decimal 169)
   defining Unicode char U+00AA (decimal 170)
   defining Unicode char U+00AE (decimal 174)
   defining Unicode char U+00BA (decimal 186)
   defining Unicode char U+02C6 (decimal 710)
   defining Unicode char U+02DC (decimal 732)
   defining Unicode char U+200C (decimal 8204)
   defining Unicode char U+2026 (decimal 8230)
   defining Unicode char U+2122 (decimal 8482)
   defining Unicode char U+2423 (decimal 9251)
))
("C:\Program Files\MikTex\tex\latex\graphics\graphicx.sty"
Package: graphicx 1999/02/16 v1.0f Enhanced LaTeX Graphics (DPC,SPQR)

("C:\Program Files\MikTex\tex\latex\graphics\keyval.sty"
Package: keyval 1999/03/16 v1.13 key=value parser (DPC)
\KV@toks@=\toks16
)
("C:\Program Files\MikTex\tex\latex\graphics\graphics.sty"
Package: graphics 2009/02/05 v1.0o Standard LaTeX Graphics (DPC,SPQR)

("C:\Program Files\MikTex\tex\latex\graphics\trig.sty"
Package: trig 1999/03/16 v1.09 sin cos tan (DPC)
)
("C:\Program Files\MikTex\tex\latex\00miktex\graphics.cfg"
File: graphics.cfg 2007/01/18 v1.5 graphics configuration of teTeX/TeXLive
)
Package graphics Info: Driver file: pdftex.def on input line 91.

("C:\Program Files\MikTex\tex\latex\pdftex-def\pdftex.def"
File: pdftex.def 2011/05/27 v0.06d Graphics/color for pdfTeX

("C:\Program Files\MikTex\tex\generic\oberdiek\infwarerr.sty"
Package: infwarerr 2010/04/08 v1.3 Providing info/warning/message (HO)
)
("C:\Program Files\MikTex\tex\generic\oberdiek\ltxcmds.sty"
Package: ltxcmds 2011/04/18 v1.20 LaTeX kernel commands for general use (HO)
)
\Gread@gobject=\count90
))
\Gin@req@height=\dimen104
\Gin@req@width=\dimen105
)
(D:\Ruby-ACL\Documents\bp_sirljan_2012\k336_thesis_macros.sty
Two side layout redefined.
(D:\Ruby-ACL\Documents\bp_sirljan_2012\hyphen.tex))
Bakalarska prace
("C:\Program Files\MikTex\tex\latex\hyperref\hyperref.sty"
Package: hyperref 2011/12/04 v6.82m Hypertext links for LaTeX

("C:\Program Files\MikTex\tex\generic\oberdiek\hobsub-hyperref.sty"
Package: hobsub-hyperref 2011/04/23 v1.4 Bundle oberdiek, subset hyperref (HO)

("C:\Program Files\MikTex\tex\generic\oberdiek\hobsub-generic.sty"
Package: hobsub-generic 2011/04/23 v1.4 Bundle oberdiek, subset generic (HO)
Package: hobsub 2011/04/23 v1.4 Subsetting bundle oberdiek (HO)
Package hobsub Info: Skipping package `infwarerr' (already loaded).
Package hobsub Info: Skipping package `ltxcmds' (already loaded).
Package: ifluatex 2010/03/01 v1.3 Provides the ifluatex switch (HO)
Package ifluatex Info: LuaTeX not detected.
Package: ifvtex 2010/03/01 v1.5 Switches for detecting VTeX and its modes (HO)
Package ifvtex Info: VTeX not detected.
Package: intcalc 2007/09/27 v1.1 Expandable integer calculations (HO)
Package: ifpdf 2011/01/30 v2.3 Provides the ifpdf switch (HO)
Package ifpdf Info: pdfTeX in PDF mode is detected.
Package: etexcmds 2011/02/16 v1.5 Prefix for e-TeX command names (HO)
Package etexcmds Info: Could not find \expanded.
(etexcmds)             That can mean that you are not using pdfTeX 1.50 or
(etexcmds)             that some package has redefined \expanded.
(etexcmds)             In the latter case, load this package earlier.
Package: kvsetkeys 2011/04/07 v1.13 Key value parser (HO)
Package: kvdefinekeys 2011/04/07 v1.3 Defining keys (HO)
Package: pdftexcmds 2011/04/22 v0.16 Utilities of pdfTeX for LuaTeX (HO)
Package pdftexcmds Info: LuaTeX not detected.
Package pdftexcmds Info: \pdf@primitive is available.
Package pdftexcmds Info: \pdf@ifprimitive is available.
Package pdftexcmds Info: \pdfdraftmode found.
Package: pdfescape 2011/04/04 v1.12 Provides string conversions (HO)
Package: bigintcalc 2011/01/30 v1.2 Expandable big integer calculations (HO)
Package: bitset 2011/01/30 v1.1 Data type bit set (HO)
Package: uniquecounter 2011/01/30 v1.2 Provides unlimited unique counter (HO)
)
Package hobsub Info: Skipping package `hobsub' (already loaded).
Package: letltxmacro 2010/09/02 v1.4 Let assignment for LaTeX macros (HO)
Package: hopatch 2011/01/30 v1.0 Wrapper for package hooks (HO)
Package: xcolor-patch 2011/01/30 xcolor patch
Package: atveryend 2011/04/23 v1.7 Hooks at very end of document (HO)
Package: atbegshi 2011/01/30 v1.15 At begin shipout hook (HO)
Package: refcount 2010/12/01 v3.2 Data extraction from references (HO)
Package: hycolor 2011/01/30 v1.7 Color options of hyperref/bookmark (HO)
)
("C:\Program Files\MikTex\tex\generic\ifxetex\ifxetex.sty"
Package: ifxetex 2010/09/12 v0.6 Provides ifxetex conditional
)
("C:\Program Files\MikTex\tex\latex\oberdiek\kvoptions.sty"
Package: kvoptions 2010/12/23 v3.10 Keyval support for LaTeX options (HO)
)
\@linkdim=\dimen106
\Hy@linkcounter=\count91
\Hy@pagecounter=\count92

("C:\Program Files\MikTex\tex\latex\hyperref\pd1enc.def"
File: pd1enc.def 2011/12/04 v6.82m Hyperref: PDFDocEncoding definition (HO)
Now handling font encoding PD1 ...
... no UTF-8 mapping file for font encoding PD1
)
\Hy@SavedSpaceFactor=\count93

("C:\Program Files\MikTex\tex\latex\00miktex\hyperref.cfg"
File: hyperref.cfg 2002/06/06 v1.2 hyperref configuration of TeXLive
)
Package hyperref Info: Option `bookmarks' set `true' on input line 3925.
Package hyperref Info: Option `colorlinks' set `true' on input line 3925.
Package hyperref Info: Option `breaklinks' set `true' on input line 3925.
Package hyperref Info: Option `unicode' set `true' on input line 3925.

("C:\Program Files\MikTex\tex\latex\hyperref\puenc.def"
File: puenc.def 2011/12/04 v6.82m Hyperref: PDF Unicode definition (HO)
Now handling font encoding PU ...
... no UTF-8 mapping file for font encoding PU
)
Package hyperref Info: Hyper figures OFF on input line 4046.
Package hyperref Info: Link nesting OFF on input line 4051.
Package hyperref Info: Hyper index ON on input line 4054.
Package hyperref Info: Plain pages OFF on input line 4061.
Package hyperref Info: Backreferencing OFF on input line 4066.
Package hyperref Info: Implicit mode ON; LaTeX internals redefined.
Package hyperref Info: Bookmarks ON on input line 4284.
\c@Hy@tempcnt=\count94

("C:\Program Files\MikTex\tex\latex\ltxmisc\url.sty"
\Urlmuskip=\muskip10
Package: url 2006/04/12  ver 3.3  Verb mode for urls, etc.
)
LaTeX Info: Redefining \url on input line 4637.
\Fld@menulength=\count95
\Field@Width=\dimen107
\Fld@charsize=\dimen108
Package hyperref Info: Hyper figures OFF on input line 5757.
Package hyperref Info: Link nesting OFF on input line 5762.
Package hyperref Info: Hyper index ON on input line 5765.
Package hyperref Info: backreferencing OFF on input line 5772.
Package hyperref Info: Link coloring ON on input line 5775.
Package hyperref Info: Link coloring with OCG OFF on input line 5782.
Package hyperref Info: PDF/A mode OFF on input line 5787.
LaTeX Info: Redefining \ref on input line 5827.
LaTeX Info: Redefining \pageref on input line 5831.
\Hy@abspage=\count96
\c@Item=\count97
\c@Hfootnote=\count98
)

Package hyperref Message: Driver (autodetected): hpdftex.

("C:\Program Files\MikTex\tex\latex\hyperref\hpdftex.def"
File: hpdftex.def 2011/12/04 v6.82m Hyperref driver for pdfTeX
\Fld@listcount=\count99
\c@bookmark@seq@number=\count100

("C:\Program Files\MikTex\tex\latex\oberdiek\rerunfilecheck.sty"
Package: rerunfilecheck 2011/04/15 v1.7 Rerun checks for auxiliary files (HO)
Package uniquecounter Info: New unique counter `rerunfilecheck' on input line 2
82.
)
\Hy@SectionHShift=\skip43
)
("C:\Program Files\MikTex\tex\latex\natbib\natbib.sty"
Package: natbib 2010/09/13 8.31b (PWD, AO)
\bibhang=\skip44
\bibsep=\skip45
LaTeX Info: Redefining \cite on input line 694.
\c@NAT@ctr=\count101
)
(D:\Ruby-ACL\Documents\bp_sirljan_2012\sirljan-thesis-2012.aux

LaTeX Warning: Label `tab:tab1' multiply defined.

)
LaTeX Font Info:    Checking defaults for OML/cmm/m/it on input line 134.
LaTeX Font Info:    ... okay on input line 134.
LaTeX Font Info:    Checking defaults for T1/cmr/m/n on input line 134.
LaTeX Font Info:    ... okay on input line 134.
LaTeX Font Info:    Checking defaults for OT1/cmr/m/n on input line 134.
LaTeX Font Info:    ... okay on input line 134.
LaTeX Font Info:    Checking defaults for OMS/cmsy/m/n on input line 134.
LaTeX Font Info:    ... okay on input line 134.
LaTeX Font Info:    Checking defaults for OMX/cmex/m/n on input line 134.
LaTeX Font Info:    ... okay on input line 134.
LaTeX Font Info:    Checking defaults for U/cmr/m/n on input line 134.
LaTeX Font Info:    ... okay on input line 134.
LaTeX Font Info:    Checking defaults for PD1/pdf/m/n on input line 134.
LaTeX Font Info:    ... okay on input line 134.
LaTeX Font Info:    Checking defaults for PU/pdf/m/n on input line 134.
LaTeX Font Info:    ... okay on input line 134.
 ("C:\Program Files\MikTex\tex\context\base\supp-pdf.mkii"
[Loading MPS to PDF converter (version 2006.09.02).]
\scratchcounter=\count102
\scratchdimen=\dimen109
\scratchbox=\box26
\nofMPsegments=\count103
\nofMParguments=\count104
\everyMPshowfont=\toks17
\MPscratchCnt=\count105
\MPscratchDim=\dimen110
\MPnumerator=\count106
\makeMPintoPDFobject=\count107
\everyMPtoPDFconversion=\toks18
)
\AtBeginShipoutBox=\box27
 ("C:\Program Files\MikTex\tex\latex\graphics\color.sty"
Package: color 2005/11/14 v1.0j Standard LaTeX Color (DPC)

("C:\Program Files\MikTex\tex\latex\00miktex\color.cfg"
File: color.cfg 2007/01/18 v1.5 color configuration of teTeX/TeXLive
)
Package color Info: Driver file: pdftex.def on input line 130.
)
Package hyperref Info: Link coloring ON on input line 134.

("C:\Program Files\MikTex\tex\latex\hyperref\nameref.sty"
Package: nameref 2010/04/30 v2.40 Cross-referencing by name of section

("C:\Program Files\MikTex\tex\generic\oberdiek\gettitlestring.sty"
Package: gettitlestring 2010/12/03 v1.4 Cleanup title references (HO)
)
\c@section@level=\count108
)
LaTeX Info: Redefining \ref on input line 134.
LaTeX Info: Redefining \pageref on input line 134.
LaTeX Info: Redefining \nameref on input line 134.

(D:\Ruby-ACL\Documents\bp_sirljan_2012\sirljan-thesis-2012.out)
(D:\Ruby-ACL\Documents\bp_sirljan_2012\sirljan-thesis-2012.out)
\@outlinefile=\write3

************************************************
Zvoleny jazyk: cestina
Typ prace: Bakal\IeC {\'a}\IeC {\v r}sk\IeC {\'a} pr\IeC {\'a}ce
Studijni program: Softwarov\IeC {\'e} technologie a management, Bakal\IeC {\'a}
\IeC {\v r}sk\IeC {\'y}
Obor: Softwarov\IeC {\'e} in\IeC {\v z}en\IeC {\'y}rstv\IeC {\'\i }
Jmeno: Jan \IeC {\v S}irl
Nazev prace: Ruby - Access Control List
Vedouci prace: Ing. Pavel Strnad
***************************************************
LaTeX Font Info:    Try loading font information for OMS+cmr on input line 193.

("C:\Program Files\MikTex\tex\latex\base\omscmr.fd"
File: omscmr.fd 1999/05/25 v2.5h Standard LaTeX font definitions
)
LaTeX Font Info:    Font shape `OMS/cmr/m/n' in size <10.95> not available
(Font)              Font shape `OMS/cmsy/m/n' tried instead on input line 193.
 [1



{C:/Users/sirljan/AppData/Local/MiKTeX/2.9/pdftex/config/pdftex.map}] [2

]
<figures/LogoCVUT.pdf, id=192, 93.34875pt x 70.2625pt>
File: figures/LogoCVUT.pdf Graphic file (type pdf)

<use figures/LogoCVUT.pdf>
Package pdftex.def Info: figures/LogoCVUT.pdf used on input line 203.
(pdftex.def)             Requested size: 142.26378pt x 107.08527pt.
 [3 <D:/Ruby-ACL/Documents/bp_sirljan_2012/figures/LogoCVUT.pdf>] [4

] [5] [6

] [7] [8

] [9

] [10

]
(D:\Ruby-ACL\Documents\bp_sirljan_2012\sirljan-thesis-2012.toc
LaTeX Font Info:    External font `cmex10' loaded for size
(Font)              <10.95> on input line 4.
LaTeX Font Info:    External font `cmex10' loaded for size
(Font)              <8> on input line 4.
LaTeX Font Info:    External font `cmex10' loaded for size
(Font)              <6> on input line 4.
 [11])
\tf@toc=\write4
 [12]
(D:\Ruby-ACL\Documents\bp_sirljan_2012\sirljan-thesis-2012.lof)
\tf@lof=\write5
 [13

] [14

]
(D:\Ruby-ACL\Documents\bp_sirljan_2012\sirljan-thesis-2012.lot)
\tf@lot=\write6
 [15] [16

]
Kapitola 1.
[1

] [2

]
Kapitola 2.

Underfull \hbox (badness 2088) in paragraph at lines 338--338
[]\T1/cmr/m/n/10.95 Ruby ACL will allow to edit or de-lete Prin-ci-
 []

[3] [4]
LaTeX Font Info:    Try loading font information for T1+cmtt on input line 404.

 ("C:\Program Files\MikTex\tex\latex\base\t1cmtt.fd"
File: t1cmtt.fd 1999/05/25 v2.5h Standard LaTeX font definitions
)
Overfull \hbox (10.72284pt too wide) has occurred while \output is active
\T1/cmr/m/sl/10.95 2.3.  POPIS STRUKTURY BAKAL¡êSK… PR¡CE VE VZTAHU K VYTYÉEN›M
 CÕLóM \T1/cmr/m/n/10.95 5
 []

[5] [6]
Kapitola 3.
[7

] [8] <UseCases.jpg, id=369, 706.64pt x 758.835pt>
File: UseCases.jpg Graphic file (type jpg)
 <use UseCases.jpg>
Package pdftex.def Info: UseCases.jpg used on input line 533.
(pdftex.def)             Requested size: 426.79134pt x 458.31503pt.

<DataFlowBigFont.jpg, id=370, 587.19376pt x 696.6025pt>
File: DataFlowBigFont.jpg Graphic file (type jpg)

<use DataFlowBigFont.jpg>
Package pdftex.def Info: DataFlowBigFont.jpg used on input line 544.
(pdftex.def)             Requested size: 426.79134pt x 506.31534pt.

<ClassDiagram2.jpg, id=371, 828.09375pt x 545.03625pt>
File: ClassDiagram2.jpg Graphic file (type jpg)
 <use ClassDiagram2.jpg>
Package pdftex.def Info: ClassDiagram2.jpg used on input line 555.
(pdftex.def)             Requested size: 426.79134pt x 280.90887pt.

[9] [10 <D:/Ruby-ACL/Documents/bp_sirljan_2012/UseCases.jpg>] [11 <D:/Ruby-ACL/
Documents/bp_sirljan_2012/DataFlowBigFont.jpg>] [12 <D:/Ruby-ACL/Documents/bp_s
irljan_2012/ClassDiagram2.jpg>]
Kapitola 4.
[13

]
Overfull \hbox (163.3554pt too wide) in paragraph at lines 596--596
 []\T1/cmtt/m/n/10.95 doc("/db/test_acl/ResourceObjects.xml")/ResourceObjects/d
escendant::*[type="Rybnik"] najde 0 vysledky[] 
 []


Overfull \hbox (355.74pt too wide) in paragraph at lines 600--600
 []\T1/cmtt/m/n/10.95 doc("/db/test_acl/ResourceObjects.xml")/ResourceObjects/d
escendant::*[type="Rybnik"]/string(@id) najde 1 vysledek = "" (prazdny string)[
] 
 []

[14]
Kapitola 5.
[15

] [16

]
Kapitola 6.
(D:\Ruby-ACL\Documents\bp_sirljan_2012\sirljan-thesis-2012.bbl [17] [18

])
[19] [20

]
P\v {r}\'{\i }loha A.
[21] [22] [23] [24]
P\v {r}\'{\i }loha B.
LaTeX Font Info:    External font `cmex10' loaded for size
(Font)              <9> on input line 712.
LaTeX Font Info:    External font `cmex10' loaded for size
(Font)              <5> on input line 712.
File: figures/LogoCVUT.pdf Graphic file (type pdf)
<use figures/LogoCVUT.pdf>
Package pdftex.def Info: figures/LogoCVUT.pdf used on input line 716.
(pdftex.def)             Requested size: 142.26378pt x 107.08527pt.
 [25

] [26] [27] [28] [29] [30]
P\v {r}\'{\i }loha C.
[31

] [32

]
P\v {r}\'{\i }loha D.
[33] [34

]
P\v {r}\'{\i }loha E.
[35] [36

]
P\v {r}\'{\i }loha F.
<figures/seznamcd.pdf, id=539, 793.96625pt x 539.01375pt>
File: figures/seznamcd.pdf Graphic file (type pdf)

<use figures/seznamcd.pdf>
Package pdftex.def Info: figures/seznamcd.pdf used on input line 982.
(pdftex.def)             Requested size: 398.33858pt x 270.4356pt.
 [37 <D:/Ruby-ACL/Documents/bp_sirljan_2012/figures/seznamcd.pdf>]
Package atveryend Info: Empty hook `BeforeClearDocument' on input line 996.
 [38]
Package atveryend Info: Empty hook `AfterLastShipout' on input line 996.

(D:\Ruby-ACL\Documents\bp_sirljan_2012\sirljan-thesis-2012.aux)
Package atveryend Info: Executing hook `AtVeryEndDocument' on input line 996.
Package atveryend Info: Executing hook `AtEndAfterFileList' on input line 996.
Package rerunfilecheck Info: File `sirljan-thesis-2012.out' has not changed.
(rerunfilecheck)             Checksum: 4E819572768D0422F1080F7BEAB2BEED;7246.


LaTeX Warning: There were multiply-defined labels.

 ) 
Here is how much of TeX's memory you used:
 7498 strings out of 494045
 101566 string characters out of 3149993
 190581 words of memory out of 3000000
 10552 multiletter control sequences out of 15000+200000
 21222 words of font info for 46 fonts, out of 3000000 for 9000
 719 hyphenation exceptions out of 8191
 29i,10n,31p,1008b,490s stack positions out of 5000i,500n,10000p,200000b,50000s
{C:/Program Files/MikTex/fonts/enc/dvips/cm-super/cm-super-t1.enc}<C:/Program
 Files/MikTex/fonts/type1/public/amsfonts/cm/cmmi10.pfb><C:/Program Files/MikTe
x/fonts/type1/public/amsfonts/cm/cmr10.pfb><C:/Program Files/MikTex/fonts/type1
/public/amsfonts/cm/cmr8.pfb><C:/Program Files/MikTex/fonts/type1/public/amsfon
ts/cm/cmsy10.pfb><C:/Program Files/MikTex/fonts/type1/public/cm-super/sfbx1095.
pfb><C:/Program Files/MikTex/fonts/type1/public/cm-super/sfbx1200.pfb><C:/Progr
am Files/MikTex/fonts/type1/public/cm-super/sfbx1440.pfb><C:/Program Files/MikT
ex/fonts/type1/public/cm-super/sfbx2074.pfb><C:/Program Files/MikTex/fonts/type
1/public/cm-super/sfbx2488.pfb><C:/Program Files/MikTex/fonts/type1/public/cm-s
uper/sfrm0600.pfb><C:/Program Files/MikTex/fonts/type1/public/cm-super/sfrm0800
.pfb><C:/Program Files/MikTex/fonts/type1/public/cm-super/sfrm0900.pfb><C:/Prog
ram Files/MikTex/fonts/type1/public/cm-super/sfrm1095.pfb><C:/Program Files/Mik
Tex/fonts/type1/public/cm-super/sfrm1200.pfb><C:/Program Files/MikTex/fonts/typ
e1/public/cm-super/sfsl1095.pfb><C:/Program Files/MikTex/fonts/type1/public/cm-
super/sfti1095.pfb><C:/Program Files/MikTex/fonts/type1/public/cm-super/sfti144
0.pfb><C:/Program Files/MikTex/fonts/type1/public/cm-super/sftt0900.pfb><C:/Pro
gram Files/MikTex/fonts/type1/public/cm-super/sftt1000.pfb><C:/Program Files/Mi
kTex/fonts/type1/public/cm-super/sftt1095.pfb>
Output written on sirljan-thesis-2012.pdf (54 pages, 812198 bytes).
PDF statistics:
 650 PDF objects out of 1000 (max. 8388607)
 139 named destinations out of 1000 (max. 500000)
 378 words of extra memory for PDF output out of 10000 (max. 10000000)

